<?xml version="1.0" encoding="UTF-8"?>
<!-- Generated by org.testng.reporters.JUnitReportReporter -->
<testsuite skipped="0" hostname="DESKTOP-MPSRKTM" name="com.core.test.loginDataprovider" tests="2" failures="0" timestamp="25 Jul 2018 04:53:38 GMT" time="13.922" errors="0">
  <testcase name="credential" time="6.762" classname="com.core.test.loginDataprovider"/>
  <testcase name="credential" time="7.160" classname="com.core.test.loginDataprovider"/>
</testsuite> <!-- com.core.test.loginDataprovider -->
