<?xml version="1.0" encoding="UTF-8"?>
<!-- Generated by org.testng.reporters.JUnitReportReporter -->
<testsuite skipped="0" hostname="DESKTOP-MPSRKTM" name="com.core.test.Dataprovider" tests="2" failures="0" timestamp="31 May 2019 18:21:34 GMT" time="18.711" errors="0">
  <testcase name="f" time="8.361" classname="com.core.test.Dataprovider"/>
  <testcase name="f" time="10.350" classname="com.core.test.Dataprovider"/>
</testsuite> <!-- com.core.test.Dataprovider -->
