<?xml version="1.0" encoding="UTF-8"?>
<!-- Generated by org.testng.reporters.JUnitReportReporter -->
<testsuite skipped="0" hostname="DESKTOP-MPSRKTM" name="com.core.test.FacebookLogin" tests="1" failures="0" timestamp="25 Jul 2018 03:11:24 GMT" time="7.277" errors="0">
  <testcase name="TC_Validate_LogInErrorMsg" time="7.277" classname="com.core.test.FacebookLogin"/>
</testsuite> <!-- com.core.test.FacebookLogin -->
