<?xml version="1.0" encoding="UTF-8"?>
<!-- Generated by org.testng.reporters.JUnitReportReporter -->
<testsuite skipped="0" hostname="DESKTOP-MPSRKTM" name="Frame" tests="1" failures="0" timestamp="30 May 2019 22:47:03 GMT" time="9.580" errors="0">
  <testcase name="f" time="9.580" classname="Frame"/>
</testsuite> <!-- Frame -->
