<?xml version="1.0" encoding="UTF-8"?>
<!-- Generated by org.testng.reporters.JUnitReportReporter -->
<testsuite skipped="0" hostname="DESKTOP-MPSRKTM" name="com.core.test.CrossTest" tests="2" failures="0" timestamp="31 May 2019 17:01:21 GMT" time="9.324" errors="0">
  <testcase name="test2" time="5.503" classname="com.core.test.CrossTest"/>
  <testcase name="test1" time="3.821" classname="com.core.test.CrossTest"/>
</testsuite> <!-- com.core.test.CrossTest -->
