<?xml version="1.0" encoding="UTF-8"?>
<!-- Generated by org.testng.reporters.JUnitReportReporter -->
<testsuite skipped="0" hostname="DESKTOP-MPSRKTM" name="com.core.test.BaseTest" tests="1" failures="0" timestamp="31 May 2019 17:01:21 GMT" time="5.828" errors="0">
  <testcase name="setUp" time="5.828" classname="com.core.test.BaseTest"/>
</testsuite> <!-- com.core.test.BaseTest -->
