<?xml version="1.0" encoding="UTF-8"?>
<!-- Generated by org.testng.reporters.JUnitReportReporter -->
<testsuite skipped="0" hostname="DESKTOP-MPSRKTM" name="com.core.test.errormsg" tests="1" failures="0" timestamp="29 May 2019 20:29:37 GMT" time="12.958" errors="0">
  <testcase name="TC_Validate_LogInErrorMsg" time="12.958" classname="com.core.test.errormsg"/>
</testsuite> <!-- com.core.test.errormsg -->
